{"E:\\School\\Programmering\\Systemutvikling\\harmoni\\server\\src\\dao\\dao.js": {"path":"E:\\School\\Programmering\\Systemutvikling\\harmoni\\server\\src\\dao\\dao.js","statementMap":{"0":{"start":{"line":3,"column":0},"end":{"line":34,"column":2}},"1":{"start":{"line":7,"column":4},"end":{"line":7,"column":21}},"2":{"start":{"line":12,"column":4},"end":{"line":12,"column":89}},"3":{"start":{"line":12,"column":38},"end":{"line":12,"column":89}},"4":{"start":{"line":13,"column":4},"end":{"line":13,"column":21}},"5":{"start":{"line":14,"column":4},"end":{"line":32,"column":7}},"6":{"start":{"line":15,"column":6},"end":{"line":15,"column":48}},"7":{"start":{"line":16,"column":6},"end":{"line":31,"column":7}},"8":{"start":{"line":17,"column":8},"end":{"line":17,"column":45}},"9":{"start":{"line":18,"column":8},"end":{"line":18,"column":60}},"10":{"start":{"line":20,"column":8},"end":{"line":20,"column":48}},"11":{"start":{"line":21,"column":8},"end":{"line":30,"column":11}},"12":{"start":{"line":22,"column":10},"end":{"line":22,"column":31}},"13":{"start":{"line":23,"column":10},"end":{"line":29,"column":11}},"14":{"start":{"line":24,"column":12},"end":{"line":24,"column":29}},"15":{"start":{"line":25,"column":12},"end":{"line":25,"column":75}},"16":{"start":{"line":27,"column":12},"end":{"line":27,"column":47}},"17":{"start":{"line":28,"column":12},"end":{"line":28,"column":32}}},"fnMap":{"0":{"name":"(anonymous_0)","decl":{"start":{"line":5,"column":2},"end":{"line":5,"column":3}},"loc":{"start":{"line":5,"column":24},"end":{"line":8,"column":3}},"line":5},"1":{"name":"(anonymous_1)","decl":{"start":{"line":10,"column":2},"end":{"line":10,"column":3}},"loc":{"start":{"line":10,"column":80},"end":{"line":33,"column":3}},"line":10},"2":{"name":"(anonymous_2)","decl":{"start":{"line":14,"column":28},"end":{"line":14,"column":29}},"loc":{"start":{"line":14,"column":49},"end":{"line":32,"column":5}},"line":14},"3":{"name":"(anonymous_3)","decl":{"start":{"line":21,"column":38},"end":{"line":21,"column":39}},"loc":{"start":{"line":21,"column":53},"end":{"line":30,"column":9}},"line":21}},"branchMap":{"0":{"loc":{"start":{"line":12,"column":4},"end":{"line":12,"column":89}},"type":"if","locations":[{"start":{"line":12,"column":4},"end":{"line":12,"column":89}},{"start":{"line":12,"column":4},"end":{"line":12,"column":89}}],"line":12},"1":{"loc":{"start":{"line":16,"column":6},"end":{"line":31,"column":7}},"type":"if","locations":[{"start":{"line":16,"column":6},"end":{"line":31,"column":7}},{"start":{"line":16,"column":6},"end":{"line":31,"column":7}}],"line":16},"2":{"loc":{"start":{"line":23,"column":10},"end":{"line":29,"column":11}},"type":"if","locations":[{"start":{"line":23,"column":10},"end":{"line":29,"column":11}},{"start":{"line":23,"column":10},"end":{"line":29,"column":11}}],"line":23}},"s":{"0":2,"1":2,"2":35,"3":0,"4":35,"5":35,"6":35,"7":35,"8":0,"9":0,"10":35,"11":35,"12":35,"13":35,"14":10,"15":10,"16":25,"17":25},"f":{"0":2,"1":35,"2":35,"3":35},"b":{"0":[0,35],"1":[0,35],"2":[10,25]},"_coverageSchema":"43e27e138ebf9cfc5966b082cf9a028302ed4184","hash":"b7a7aa7b2b8a9baea00686eaf15614621cb43a10"}
,"E:\\School\\Programmering\\Systemutvikling\\harmoni\\server\\src\\dao\\databaseConsts.js": {"path":"E:\\School\\Programmering\\Systemutvikling\\harmoni\\server\\src\\dao\\databaseConsts.js","statementMap":{"0":{"start":{"line":3,"column":0},"end":{"line":110,"column":2}},"1":{"start":{"line":58,"column":8},"end":{"line":58,"column":35}},"2":{"start":{"line":59,"column":8},"end":{"line":59,"column":35}},"3":{"start":{"line":60,"column":8},"end":{"line":60,"column":33}},"4":{"start":{"line":61,"column":8},"end":{"line":61,"column":39}},"5":{"start":{"line":62,"column":8},"end":{"line":62,"column":37}},"6":{"start":{"line":63,"column":8},"end":{"line":63,"column":41}},"7":{"start":{"line":64,"column":8},"end":{"line":64,"column":43}},"8":{"start":{"line":65,"column":8},"end":{"line":65,"column":41}},"9":{"start":{"line":66,"column":8},"end":{"line":66,"column":47}},"10":{"start":{"line":67,"column":8},"end":{"line":67,"column":45}},"11":{"start":{"line":68,"column":8},"end":{"line":68,"column":41}},"12":{"start":{"line":70,"column":8},"end":{"line":70,"column":37}},"13":{"start":{"line":71,"column":8},"end":{"line":71,"column":34}},"14":{"start":{"line":72,"column":8},"end":{"line":72,"column":42}},"15":{"start":{"line":73,"column":8},"end":{"line":73,"column":36}},"16":{"start":{"line":74,"column":8},"end":{"line":74,"column":38}},"17":{"start":{"line":75,"column":8},"end":{"line":75,"column":48}},"18":{"start":{"line":77,"column":8},"end":{"line":77,"column":33}},"19":{"start":{"line":78,"column":8},"end":{"line":78,"column":33}},"20":{"start":{"line":79,"column":8},"end":{"line":79,"column":40}},"21":{"start":{"line":80,"column":8},"end":{"line":80,"column":40}},"22":{"start":{"line":81,"column":8},"end":{"line":81,"column":32}},"23":{"start":{"line":82,"column":8},"end":{"line":82,"column":34}},"24":{"start":{"line":83,"column":8},"end":{"line":83,"column":34}},"25":{"start":{"line":84,"column":8},"end":{"line":84,"column":44}},"26":{"start":{"line":85,"column":8},"end":{"line":85,"column":40}},"27":{"start":{"line":86,"column":8},"end":{"line":86,"column":38}},"28":{"start":{"line":87,"column":8},"end":{"line":87,"column":36}},"29":{"start":{"line":89,"column":8},"end":{"line":89,"column":47}},"30":{"start":{"line":90,"column":8},"end":{"line":90,"column":47}},"31":{"start":{"line":91,"column":8},"end":{"line":91,"column":47}},"32":{"start":{"line":92,"column":8},"end":{"line":92,"column":47}},"33":{"start":{"line":93,"column":8},"end":{"line":93,"column":51}},"34":{"start":{"line":94,"column":8},"end":{"line":94,"column":47}},"35":{"start":{"line":95,"column":8},"end":{"line":95,"column":47}},"36":{"start":{"line":96,"column":8},"end":{"line":96,"column":39}},"37":{"start":{"line":98,"column":8},"end":{"line":98,"column":35}},"38":{"start":{"line":99,"column":8},"end":{"line":99,"column":53}},"39":{"start":{"line":100,"column":8},"end":{"line":100,"column":33}},"40":{"start":{"line":101,"column":8},"end":{"line":101,"column":37}},"41":{"start":{"line":103,"column":8},"end":{"line":103,"column":33}},"42":{"start":{"line":104,"column":8},"end":{"line":104,"column":33}},"43":{"start":{"line":105,"column":8},"end":{"line":105,"column":44}},"44":{"start":{"line":106,"column":8},"end":{"line":106,"column":32}},"45":{"start":{"line":107,"column":8},"end":{"line":107,"column":48}},"46":{"start":{"line":108,"column":8},"end":{"line":108,"column":40}}},"fnMap":{"0":{"name":"(anonymous_0)","decl":{"start":{"line":57,"column":4},"end":{"line":57,"column":5}},"loc":{"start":{"line":57,"column":18},"end":{"line":109,"column":5}},"line":57}},"branchMap":{},"s":{"0":2,"1":2,"2":2,"3":2,"4":2,"5":2,"6":2,"7":2,"8":2,"9":2,"10":2,"11":2,"12":2,"13":2,"14":2,"15":2,"16":2,"17":2,"18":2,"19":2,"20":2,"21":2,"22":2,"23":2,"24":2,"25":2,"26":2,"27":2,"28":2,"29":2,"30":2,"31":2,"32":2,"33":2,"34":2,"35":2,"36":2,"37":2,"38":2,"39":2,"40":2,"41":2,"42":2,"43":2,"44":2,"45":2,"46":2},"f":{"0":2},"b":{},"_coverageSchema":"43e27e138ebf9cfc5966b082cf9a028302ed4184","hash":"f8d5a6d459a5a270589676581fd9289906708d12"}
,"E:\\School\\Programmering\\Systemutvikling\\harmoni\\server\\src\\dao\\eventDao.js": {"path":"E:\\School\\Programmering\\Systemutvikling\\harmoni\\server\\src\\dao\\eventDao.js","statementMap":{"0":{"start":{"line":5,"column":18},"end":{"line":5,"column":33}},"1":{"start":{"line":8,"column":0},"end":{"line":125,"column":2}},"2":{"start":{"line":12,"column":8},"end":{"line":13,"column":126}},"3":{"start":{"line":17,"column":8},"end":{"line":17,"column":172}},"4":{"start":{"line":21,"column":8},"end":{"line":22,"column":150}},"5":{"start":{"line":26,"column":8},"end":{"line":28,"column":177}},"6":{"start":{"line":32,"column":8},"end":{"line":33,"column":218}},"7":{"start":{"line":37,"column":8},"end":{"line":40,"column":307}},"8":{"start":{"line":44,"column":8},"end":{"line":44,"column":119}},"9":{"start":{"line":48,"column":8},"end":{"line":48,"column":115}},"10":{"start":{"line":53,"column":8},"end":{"line":55,"column":191}},"11":{"start":{"line":59,"column":8},"end":{"line":60,"column":117}},"12":{"start":{"line":64,"column":8},"end":{"line":65,"column":158}},"13":{"start":{"line":69,"column":8},"end":{"line":70,"column":65}},"14":{"start":{"line":74,"column":8},"end":{"line":75,"column":108}},"15":{"start":{"line":80,"column":8},"end":{"line":80,"column":177}},"16":{"start":{"line":84,"column":8},"end":{"line":84,"column":109}},"17":{"start":{"line":88,"column":8},"end":{"line":88,"column":168}},"18":{"start":{"line":92,"column":8},"end":{"line":92,"column":128}},"19":{"start":{"line":96,"column":8},"end":{"line":96,"column":107}},"20":{"start":{"line":101,"column":8},"end":{"line":102,"column":87}},"21":{"start":{"line":106,"column":8},"end":{"line":107,"column":78}},"22":{"start":{"line":111,"column":8},"end":{"line":112,"column":85}},"23":{"start":{"line":116,"column":8},"end":{"line":117,"column":259}},"24":{"start":{"line":121,"column":8},"end":{"line":122,"column":79}}},"fnMap":{"0":{"name":"(anonymous_0)","decl":{"start":{"line":11,"column":4},"end":{"line":11,"column":5}},"loc":{"start":{"line":11,"column":88},"end":{"line":14,"column":5}},"line":11},"1":{"name":"(anonymous_1)","decl":{"start":{"line":16,"column":4},"end":{"line":16,"column":5}},"loc":{"start":{"line":16,"column":78},"end":{"line":18,"column":5}},"line":16},"2":{"name":"(anonymous_2)","decl":{"start":{"line":20,"column":4},"end":{"line":20,"column":5}},"loc":{"start":{"line":20,"column":77},"end":{"line":23,"column":5}},"line":20},"3":{"name":"(anonymous_3)","decl":{"start":{"line":25,"column":4},"end":{"line":25,"column":5}},"loc":{"start":{"line":25,"column":128},"end":{"line":29,"column":5}},"line":25},"4":{"name":"(anonymous_4)","decl":{"start":{"line":31,"column":4},"end":{"line":31,"column":5}},"loc":{"start":{"line":31,"column":93},"end":{"line":34,"column":5}},"line":31},"5":{"name":"(anonymous_5)","decl":{"start":{"line":36,"column":4},"end":{"line":36,"column":5}},"loc":{"start":{"line":36,"column":131},"end":{"line":41,"column":5}},"line":36},"6":{"name":"(anonymous_6)","decl":{"start":{"line":43,"column":4},"end":{"line":43,"column":5}},"loc":{"start":{"line":43,"column":88},"end":{"line":45,"column":5}},"line":43},"7":{"name":"(anonymous_7)","decl":{"start":{"line":47,"column":4},"end":{"line":47,"column":5}},"loc":{"start":{"line":47,"column":85},"end":{"line":49,"column":5}},"line":47},"8":{"name":"(anonymous_8)","decl":{"start":{"line":52,"column":4},"end":{"line":52,"column":5}},"loc":{"start":{"line":52,"column":232},"end":{"line":56,"column":5}},"line":52},"9":{"name":"(anonymous_9)","decl":{"start":{"line":58,"column":4},"end":{"line":58,"column":5}},"loc":{"start":{"line":58,"column":187},"end":{"line":61,"column":5}},"line":58},"10":{"name":"(anonymous_10)","decl":{"start":{"line":63,"column":4},"end":{"line":63,"column":5}},"loc":{"start":{"line":63,"column":189},"end":{"line":66,"column":5}},"line":63},"11":{"name":"(anonymous_11)","decl":{"start":{"line":68,"column":4},"end":{"line":68,"column":5}},"loc":{"start":{"line":68,"column":147},"end":{"line":71,"column":5}},"line":68},"12":{"name":"(anonymous_12)","decl":{"start":{"line":73,"column":4},"end":{"line":73,"column":5}},"loc":{"start":{"line":73,"column":165},"end":{"line":76,"column":5}},"line":73},"13":{"name":"(anonymous_13)","decl":{"start":{"line":79,"column":4},"end":{"line":79,"column":5}},"loc":{"start":{"line":79,"column":122},"end":{"line":81,"column":5}},"line":79},"14":{"name":"(anonymous_14)","decl":{"start":{"line":83,"column":4},"end":{"line":83,"column":5}},"loc":{"start":{"line":83,"column":80},"end":{"line":85,"column":5}},"line":83},"15":{"name":"(anonymous_15)","decl":{"start":{"line":87,"column":4},"end":{"line":87,"column":5}},"loc":{"start":{"line":87,"column":117},"end":{"line":89,"column":5}},"line":87},"16":{"name":"(anonymous_16)","decl":{"start":{"line":91,"column":4},"end":{"line":91,"column":5}},"loc":{"start":{"line":91,"column":86},"end":{"line":93,"column":5}},"line":91},"17":{"name":"(anonymous_17)","decl":{"start":{"line":95,"column":4},"end":{"line":95,"column":5}},"loc":{"start":{"line":95,"column":79},"end":{"line":97,"column":5}},"line":95},"18":{"name":"(anonymous_18)","decl":{"start":{"line":100,"column":4},"end":{"line":100,"column":5}},"loc":{"start":{"line":100,"column":187},"end":{"line":103,"column":5}},"line":100},"19":{"name":"(anonymous_19)","decl":{"start":{"line":105,"column":4},"end":{"line":105,"column":5}},"loc":{"start":{"line":105,"column":164},"end":{"line":108,"column":5}},"line":105},"20":{"name":"(anonymous_20)","decl":{"start":{"line":110,"column":4},"end":{"line":110,"column":5}},"loc":{"start":{"line":110,"column":168},"end":{"line":113,"column":5}},"line":110},"21":{"name":"(anonymous_21)","decl":{"start":{"line":115,"column":4},"end":{"line":115,"column":5}},"loc":{"start":{"line":115,"column":284},"end":{"line":118,"column":5}},"line":115},"22":{"name":"(anonymous_22)","decl":{"start":{"line":120,"column":4},"end":{"line":120,"column":5}},"loc":{"start":{"line":120,"column":155},"end":{"line":123,"column":5}},"line":120}},"branchMap":{},"s":{"0":1,"1":1,"2":0,"3":2,"4":2,"5":1,"6":0,"7":0,"8":2,"9":0,"10":1,"11":1,"12":1,"13":1,"14":0,"15":1,"16":1,"17":1,"18":1,"19":0,"20":1,"21":1,"22":0,"23":1,"24":0},"f":{"0":0,"1":2,"2":2,"3":1,"4":0,"5":0,"6":2,"7":0,"8":1,"9":1,"10":1,"11":1,"12":0,"13":1,"14":1,"15":1,"16":1,"17":0,"18":1,"19":1,"20":0,"21":1,"22":0},"b":{},"_coverageSchema":"43e27e138ebf9cfc5966b082cf9a028302ed4184","hash":"1c06c7c16e14b8fb6e148c530cb8f45f60d26148"}
,"E:\\School\\Programmering\\Systemutvikling\\harmoni\\server\\src\\dao\\userDao.js": {"path":"E:\\School\\Programmering\\Systemutvikling\\harmoni\\server\\src\\dao\\userDao.js","statementMap":{"0":{"start":{"line":5,"column":18},"end":{"line":5,"column":33}},"1":{"start":{"line":7,"column":0},"end":{"line":46,"column":2}},"2":{"start":{"line":10,"column":8},"end":{"line":11,"column":99}},"3":{"start":{"line":15,"column":8},"end":{"line":16,"column":102}},"4":{"start":{"line":20,"column":8},"end":{"line":20,"column":250}},"5":{"start":{"line":24,"column":8},"end":{"line":24,"column":157}},"6":{"start":{"line":28,"column":8},"end":{"line":29,"column":174}},"7":{"start":{"line":33,"column":8},"end":{"line":33,"column":107}},"8":{"start":{"line":37,"column":8},"end":{"line":37,"column":165}},"9":{"start":{"line":41,"column":8},"end":{"line":41,"column":25}},"10":{"start":{"line":42,"column":8},"end":{"line":43,"column":113}}},"fnMap":{"0":{"name":"(anonymous_0)","decl":{"start":{"line":9,"column":4},"end":{"line":9,"column":5}},"loc":{"start":{"line":9,"column":77},"end":{"line":12,"column":5}},"line":9},"1":{"name":"(anonymous_1)","decl":{"start":{"line":14,"column":4},"end":{"line":14,"column":5}},"loc":{"start":{"line":14,"column":84},"end":{"line":17,"column":5}},"line":14},"2":{"name":"(anonymous_2)","decl":{"start":{"line":19,"column":4},"end":{"line":19,"column":5}},"loc":{"start":{"line":19,"column":82},"end":{"line":21,"column":5}},"line":19},"3":{"name":"(anonymous_3)","decl":{"start":{"line":23,"column":4},"end":{"line":23,"column":5}},"loc":{"start":{"line":23,"column":70},"end":{"line":25,"column":5}},"line":23},"4":{"name":"(anonymous_4)","decl":{"start":{"line":27,"column":4},"end":{"line":27,"column":5}},"loc":{"start":{"line":27,"column":224},"end":{"line":30,"column":5}},"line":27},"5":{"name":"(anonymous_5)","decl":{"start":{"line":32,"column":4},"end":{"line":32,"column":5}},"loc":{"start":{"line":32,"column":89},"end":{"line":34,"column":5}},"line":32},"6":{"name":"(anonymous_6)","decl":{"start":{"line":36,"column":4},"end":{"line":36,"column":5}},"loc":{"start":{"line":36,"column":124},"end":{"line":38,"column":5}},"line":36},"7":{"name":"(anonymous_7)","decl":{"start":{"line":40,"column":4},"end":{"line":40,"column":5}},"loc":{"start":{"line":40,"column":215},"end":{"line":44,"column":5}},"line":40}},"branchMap":{},"s":{"0":1,"1":1,"2":2,"3":0,"4":1,"5":1,"6":10,"7":1,"8":1,"9":1,"10":1},"f":{"0":2,"1":0,"2":1,"3":1,"4":10,"5":1,"6":1,"7":1},"b":{},"_coverageSchema":"43e27e138ebf9cfc5966b082cf9a028302ed4184","hash":"41787c607af53a95ed145c3ea72ff5d535031ffe"}
,"E:\\School\\Programmering\\Systemutvikling\\harmoni\\server\\test\\runSQL.js": {"path":"E:\\School\\Programmering\\Systemutvikling\\harmoni\\server\\test\\runSQL.js","statementMap":{"0":{"start":{"line":1,"column":11},"end":{"line":1,"column":24}},"1":{"start":{"line":3,"column":0},"end":{"line":24,"column":2}},"2":{"start":{"line":4,"column":2},"end":{"line":4,"column":54}},"3":{"start":{"line":5,"column":12},"end":{"line":5,"column":45}},"4":{"start":{"line":6,"column":2},"end":{"line":23,"column":5}},"5":{"start":{"line":7,"column":4},"end":{"line":22,"column":5}},"6":{"start":{"line":8,"column":6},"end":{"line":8,"column":50}},"7":{"start":{"line":9,"column":6},"end":{"line":9,"column":13}},"8":{"start":{"line":11,"column":6},"end":{"line":11,"column":43}},"9":{"start":{"line":12,"column":6},"end":{"line":21,"column":9}},"10":{"start":{"line":13,"column":8},"end":{"line":13,"column":29}},"11":{"start":{"line":14,"column":8},"end":{"line":20,"column":9}},"12":{"start":{"line":15,"column":10},"end":{"line":15,"column":27}},"13":{"start":{"line":16,"column":10},"end":{"line":16,"column":17}},"14":{"start":{"line":18,"column":10},"end":{"line":18,"column":44}},"15":{"start":{"line":19,"column":10},"end":{"line":19,"column":17}}},"fnMap":{"0":{"name":"run","decl":{"start":{"line":3,"column":26},"end":{"line":3,"column":29}},"loc":{"start":{"line":3,"column":52},"end":{"line":24,"column":1}},"line":3},"1":{"name":"(anonymous_1)","decl":{"start":{"line":6,"column":21},"end":{"line":6,"column":22}},"loc":{"start":{"line":6,"column":42},"end":{"line":23,"column":3}},"line":6},"2":{"name":"(anonymous_2)","decl":{"start":{"line":12,"column":28},"end":{"line":12,"column":29}},"loc":{"start":{"line":12,"column":43},"end":{"line":21,"column":7}},"line":12}},"branchMap":{"0":{"loc":{"start":{"line":7,"column":4},"end":{"line":22,"column":5}},"type":"if","locations":[{"start":{"line":7,"column":4},"end":{"line":22,"column":5}},{"start":{"line":7,"column":4},"end":{"line":22,"column":5}}],"line":7},"1":{"loc":{"start":{"line":14,"column":8},"end":{"line":20,"column":9}},"type":"if","locations":[{"start":{"line":14,"column":8},"end":{"line":20,"column":9}},{"start":{"line":14,"column":8},"end":{"line":20,"column":9}}],"line":14}},"s":{"0":2,"1":2,"2":2,"3":2,"4":2,"5":2,"6":0,"7":0,"8":2,"9":2,"10":2,"11":2,"12":0,"13":0,"14":2,"15":2},"f":{"0":2,"1":2,"2":2},"b":{"0":[0,2],"1":[0,2]},"_coverageSchema":"43e27e138ebf9cfc5966b082cf9a028302ed4184","hash":"bba091386d84384d33cd7c0b37f67969c95847ce"}
}
