{"C:\\Users\\torje\\OneDrive\\Desktop\\Scrum\\harmoni\\server\\src\\dao\\dao.js": {"path":"C:\\Users\\torje\\OneDrive\\Desktop\\Scrum\\harmoni\\server\\src\\dao\\dao.js","statementMap":{"0":{"start":{"line":1,"column":0},"end":{"line":28,"column":2}},"1":{"start":{"line":4,"column":4},"end":{"line":4,"column":21}},"2":{"start":{"line":8,"column":4},"end":{"line":26,"column":7}},"3":{"start":{"line":9,"column":6},"end":{"line":9,"column":48}},"4":{"start":{"line":10,"column":6},"end":{"line":25,"column":7}},"5":{"start":{"line":11,"column":8},"end":{"line":11,"column":45}},"6":{"start":{"line":12,"column":8},"end":{"line":12,"column":60}},"7":{"start":{"line":14,"column":8},"end":{"line":14,"column":48}},"8":{"start":{"line":15,"column":8},"end":{"line":24,"column":11}},"9":{"start":{"line":16,"column":10},"end":{"line":16,"column":31}},"10":{"start":{"line":17,"column":10},"end":{"line":23,"column":11}},"11":{"start":{"line":18,"column":12},"end":{"line":18,"column":29}},"12":{"start":{"line":19,"column":12},"end":{"line":19,"column":55}},"13":{"start":{"line":21,"column":12},"end":{"line":21,"column":47}},"14":{"start":{"line":22,"column":12},"end":{"line":22,"column":32}}},"fnMap":{"0":{"name":"(anonymous_0)","decl":{"start":{"line":2,"column":2},"end":{"line":2,"column":3}},"loc":{"start":{"line":2,"column":20},"end":{"line":5,"column":3}},"line":2},"1":{"name":"(anonymous_1)","decl":{"start":{"line":7,"column":2},"end":{"line":7,"column":3}},"loc":{"start":{"line":7,"column":31},"end":{"line":27,"column":3}},"line":7},"2":{"name":"(anonymous_2)","decl":{"start":{"line":8,"column":28},"end":{"line":8,"column":29}},"loc":{"start":{"line":8,"column":49},"end":{"line":26,"column":5}},"line":8},"3":{"name":"(anonymous_3)","decl":{"start":{"line":15,"column":38},"end":{"line":15,"column":39}},"loc":{"start":{"line":15,"column":53},"end":{"line":24,"column":9}},"line":15}},"branchMap":{"0":{"loc":{"start":{"line":10,"column":6},"end":{"line":25,"column":7}},"type":"if","locations":[{"start":{"line":10,"column":6},"end":{"line":25,"column":7}},{"start":{"line":10,"column":6},"end":{"line":25,"column":7}}],"line":10},"1":{"loc":{"start":{"line":17,"column":10},"end":{"line":23,"column":11}},"type":"if","locations":[{"start":{"line":17,"column":10},"end":{"line":23,"column":11}},{"start":{"line":17,"column":10},"end":{"line":23,"column":11}}],"line":17}},"s":{"0":1,"1":2,"2":1,"3":1,"4":1,"5":0,"6":0,"7":1,"8":1,"9":1,"10":1,"11":0,"12":0,"13":1,"14":1},"f":{"0":2,"1":1,"2":1,"3":1},"b":{"0":[0,1],"1":[0,1]},"_coverageSchema":"43e27e138ebf9cfc5966b082cf9a028302ed4184","hash":"a618e4fb4779792dd1d66b491f98aeaa4e9bcfed"}
,"C:\\Users\\torje\\OneDrive\\Desktop\\Scrum\\harmoni\\server\\src\\dao\\databaseConsts.js": {"path":"C:\\Users\\torje\\OneDrive\\Desktop\\Scrum\\harmoni\\server\\src\\dao\\databaseConsts.js","statementMap":{"0":{"start":{"line":1,"column":0},"end":{"line":42,"column":2}},"1":{"start":{"line":3,"column":8},"end":{"line":3,"column":35}},"2":{"start":{"line":4,"column":8},"end":{"line":4,"column":35}},"3":{"start":{"line":5,"column":8},"end":{"line":5,"column":33}},"4":{"start":{"line":6,"column":8},"end":{"line":6,"column":39}},"5":{"start":{"line":7,"column":8},"end":{"line":7,"column":37}},"6":{"start":{"line":8,"column":8},"end":{"line":8,"column":41}},"7":{"start":{"line":9,"column":8},"end":{"line":9,"column":45}},"8":{"start":{"line":10,"column":8},"end":{"line":10,"column":41}},"9":{"start":{"line":12,"column":8},"end":{"line":12,"column":37}},"10":{"start":{"line":13,"column":8},"end":{"line":13,"column":34}},"11":{"start":{"line":14,"column":8},"end":{"line":14,"column":42}},"12":{"start":{"line":15,"column":8},"end":{"line":15,"column":36}},"13":{"start":{"line":16,"column":8},"end":{"line":16,"column":38}},"14":{"start":{"line":17,"column":8},"end":{"line":17,"column":48}},"15":{"start":{"line":19,"column":8},"end":{"line":19,"column":33}},"16":{"start":{"line":20,"column":8},"end":{"line":20,"column":33}},"17":{"start":{"line":21,"column":8},"end":{"line":21,"column":40}},"18":{"start":{"line":22,"column":8},"end":{"line":22,"column":40}},"19":{"start":{"line":23,"column":8},"end":{"line":23,"column":32}},"20":{"start":{"line":24,"column":8},"end":{"line":24,"column":34}},"21":{"start":{"line":25,"column":8},"end":{"line":25,"column":34}},"22":{"start":{"line":26,"column":8},"end":{"line":26,"column":44}},"23":{"start":{"line":27,"column":8},"end":{"line":27,"column":40}},"24":{"start":{"line":29,"column":8},"end":{"line":29,"column":47}},"25":{"start":{"line":30,"column":8},"end":{"line":30,"column":47}},"26":{"start":{"line":31,"column":8},"end":{"line":31,"column":47}},"27":{"start":{"line":32,"column":8},"end":{"line":32,"column":47}},"28":{"start":{"line":33,"column":8},"end":{"line":33,"column":51}},"29":{"start":{"line":34,"column":8},"end":{"line":34,"column":47}},"30":{"start":{"line":35,"column":8},"end":{"line":35,"column":47}},"31":{"start":{"line":37,"column":8},"end":{"line":37,"column":35}},"32":{"start":{"line":38,"column":8},"end":{"line":38,"column":53}},"33":{"start":{"line":39,"column":8},"end":{"line":39,"column":33}},"34":{"start":{"line":40,"column":8},"end":{"line":40,"column":37}}},"fnMap":{"0":{"name":"(anonymous_0)","decl":{"start":{"line":2,"column":4},"end":{"line":2,"column":5}},"loc":{"start":{"line":2,"column":18},"end":{"line":41,"column":5}},"line":2}},"branchMap":{},"s":{"0":1,"1":2,"2":2,"3":2,"4":2,"5":2,"6":2,"7":2,"8":2,"9":2,"10":2,"11":2,"12":2,"13":2,"14":2,"15":2,"16":2,"17":2,"18":2,"19":2,"20":2,"21":2,"22":2,"23":2,"24":2,"25":2,"26":2,"27":2,"28":2,"29":2,"30":2,"31":2,"32":2,"33":2,"34":2},"f":{"0":2},"b":{},"_coverageSchema":"43e27e138ebf9cfc5966b082cf9a028302ed4184","hash":"a763e06b60e35b800952305458a5b3ee124ad794"}
,"C:\\Users\\torje\\OneDrive\\Desktop\\Scrum\\harmoni\\server\\src\\dao\\eventDao.js": {"path":"C:\\Users\\torje\\OneDrive\\Desktop\\Scrum\\harmoni\\server\\src\\dao\\eventDao.js","statementMap":{"0":{"start":{"line":1,"column":18},"end":{"line":1,"column":48}},"1":{"start":{"line":2,"column":19},"end":{"line":2,"column":34}},"2":{"start":{"line":3,"column":12},"end":{"line":3,"column":31}},"3":{"start":{"line":5,"column":0},"end":{"line":99,"column":2}},"4":{"start":{"line":9,"column":8},"end":{"line":9,"column":130}},"5":{"start":{"line":13,"column":8},"end":{"line":13,"column":226}},"6":{"start":{"line":17,"column":8},"end":{"line":17,"column":117}},"7":{"start":{"line":21,"column":8},"end":{"line":21,"column":112}},"8":{"start":{"line":25,"column":8},"end":{"line":25,"column":131}},"9":{"start":{"line":29,"column":8},"end":{"line":29,"column":111}},"10":{"start":{"line":33,"column":8},"end":{"line":33,"column":76}},"11":{"start":{"line":37,"column":8},"end":{"line":37,"column":204}},"12":{"start":{"line":42,"column":8},"end":{"line":43,"column":114}},"13":{"start":{"line":47,"column":8},"end":{"line":48,"column":117}},"14":{"start":{"line":52,"column":8},"end":{"line":53,"column":156}},"15":{"start":{"line":57,"column":8},"end":{"line":58,"column":60}},"16":{"start":{"line":63,"column":8},"end":{"line":63,"column":149}},"17":{"start":{"line":67,"column":8},"end":{"line":67,"column":105}},"18":{"start":{"line":71,"column":8},"end":{"line":71,"column":168}},"19":{"start":{"line":75,"column":8},"end":{"line":75,"column":128}},"20":{"start":{"line":80,"column":8},"end":{"line":81,"column":75}},"21":{"start":{"line":85,"column":8},"end":{"line":86,"column":78}},"22":{"start":{"line":90,"column":8},"end":{"line":91,"column":85}},"23":{"start":{"line":95,"column":8},"end":{"line":96,"column":169}}},"fnMap":{"0":{"name":"(anonymous_0)","decl":{"start":{"line":8,"column":4},"end":{"line":8,"column":5}},"loc":{"start":{"line":8,"column":34},"end":{"line":10,"column":5}},"line":8},"1":{"name":"(anonymous_1)","decl":{"start":{"line":12,"column":4},"end":{"line":12,"column":5}},"loc":{"start":{"line":12,"column":31},"end":{"line":14,"column":5}},"line":12},"2":{"name":"(anonymous_2)","decl":{"start":{"line":16,"column":4},"end":{"line":16,"column":5}},"loc":{"start":{"line":16,"column":37},"end":{"line":18,"column":5}},"line":16},"3":{"name":"(anonymous_3)","decl":{"start":{"line":20,"column":4},"end":{"line":20,"column":5}},"loc":{"start":{"line":20,"column":30},"end":{"line":22,"column":5}},"line":20},"4":{"name":"(anonymous_4)","decl":{"start":{"line":24,"column":4},"end":{"line":24,"column":5}},"loc":{"start":{"line":24,"column":29},"end":{"line":26,"column":5}},"line":24},"5":{"name":"(anonymous_5)","decl":{"start":{"line":28,"column":4},"end":{"line":28,"column":5}},"loc":{"start":{"line":28,"column":28},"end":{"line":30,"column":5}},"line":28},"6":{"name":"(anonymous_6)","decl":{"start":{"line":32,"column":4},"end":{"line":32,"column":5}},"loc":{"start":{"line":32,"column":27},"end":{"line":34,"column":5}},"line":32},"7":{"name":"(anonymous_7)","decl":{"start":{"line":36,"column":4},"end":{"line":36,"column":5}},"loc":{"start":{"line":36,"column":34},"end":{"line":38,"column":5}},"line":36},"8":{"name":"(anonymous_8)","decl":{"start":{"line":41,"column":4},"end":{"line":41,"column":5}},"loc":{"start":{"line":41,"column":31},"end":{"line":44,"column":5}},"line":41},"9":{"name":"(anonymous_9)","decl":{"start":{"line":46,"column":4},"end":{"line":46,"column":5}},"loc":{"start":{"line":46,"column":32},"end":{"line":49,"column":5}},"line":46},"10":{"name":"(anonymous_10)","decl":{"start":{"line":51,"column":4},"end":{"line":51,"column":5}},"loc":{"start":{"line":51,"column":37},"end":{"line":54,"column":5}},"line":51},"11":{"name":"(anonymous_11)","decl":{"start":{"line":56,"column":4},"end":{"line":56,"column":5}},"loc":{"start":{"line":56,"column":32},"end":{"line":59,"column":5}},"line":56},"12":{"name":"(anonymous_12)","decl":{"start":{"line":62,"column":4},"end":{"line":62,"column":5}},"loc":{"start":{"line":62,"column":31},"end":{"line":64,"column":5}},"line":62},"13":{"name":"(anonymous_13)","decl":{"start":{"line":66,"column":4},"end":{"line":66,"column":5}},"loc":{"start":{"line":66,"column":31},"end":{"line":68,"column":5}},"line":66},"14":{"name":"(anonymous_14)","decl":{"start":{"line":70,"column":4},"end":{"line":70,"column":5}},"loc":{"start":{"line":70,"column":32},"end":{"line":72,"column":5}},"line":70},"15":{"name":"(anonymous_15)","decl":{"start":{"line":74,"column":4},"end":{"line":74,"column":5}},"loc":{"start":{"line":74,"column":37},"end":{"line":76,"column":5}},"line":74},"16":{"name":"(anonymous_16)","decl":{"start":{"line":79,"column":4},"end":{"line":79,"column":5}},"loc":{"start":{"line":79,"column":32},"end":{"line":82,"column":5}},"line":79},"17":{"name":"(anonymous_17)","decl":{"start":{"line":84,"column":4},"end":{"line":84,"column":5}},"loc":{"start":{"line":84,"column":31},"end":{"line":87,"column":5}},"line":84},"18":{"name":"(anonymous_18)","decl":{"start":{"line":89,"column":4},"end":{"line":89,"column":5}},"loc":{"start":{"line":89,"column":37},"end":{"line":92,"column":5}},"line":89},"19":{"name":"(anonymous_19)","decl":{"start":{"line":94,"column":4},"end":{"line":94,"column":5}},"loc":{"start":{"line":94,"column":31},"end":{"line":97,"column":5}},"line":94}},"branchMap":{},"s":{"0":1,"1":1,"2":1,"3":1,"4":0,"5":0,"6":0,"7":0,"8":0,"9":0,"10":0,"11":0,"12":0,"13":0,"14":0,"15":0,"16":0,"17":0,"18":0,"19":0,"20":0,"21":0,"22":0,"23":0},"f":{"0":0,"1":0,"2":0,"3":0,"4":0,"5":0,"6":0,"7":0,"8":0,"9":0,"10":0,"11":0,"12":0,"13":0,"14":0,"15":0,"16":0,"17":0,"18":0,"19":0},"b":{},"_coverageSchema":"43e27e138ebf9cfc5966b082cf9a028302ed4184","hash":"c4cc09612ee33980eba7e10c8a01c93850b84080"}
,"C:\\Users\\torje\\OneDrive\\Desktop\\Scrum\\harmoni\\server\\src\\dao\\userDao.js": {"path":"C:\\Users\\torje\\OneDrive\\Desktop\\Scrum\\harmoni\\server\\src\\dao\\userDao.js","statementMap":{"0":{"start":{"line":1,"column":12},"end":{"line":1,"column":31}},"1":{"start":{"line":2,"column":18},"end":{"line":2,"column":48}},"2":{"start":{"line":3,"column":19},"end":{"line":3,"column":34}},"3":{"start":{"line":5,"column":0},"end":{"line":39,"column":2}},"4":{"start":{"line":8,"column":8},"end":{"line":9,"column":107}},"5":{"start":{"line":13,"column":8},"end":{"line":13,"column":126}},"6":{"start":{"line":17,"column":8},"end":{"line":17,"column":91}},"7":{"start":{"line":21,"column":8},"end":{"line":22,"column":144}},"8":{"start":{"line":26,"column":8},"end":{"line":26,"column":107}},"9":{"start":{"line":30,"column":8},"end":{"line":30,"column":158}},"10":{"start":{"line":34,"column":28},"end":{"line":34,"column":105}},"11":{"start":{"line":35,"column":8},"end":{"line":36,"column":37}}},"fnMap":{"0":{"name":"(anonymous_0)","decl":{"start":{"line":7,"column":4},"end":{"line":7,"column":5}},"loc":{"start":{"line":7,"column":27},"end":{"line":10,"column":5}},"line":7},"1":{"name":"(anonymous_1)","decl":{"start":{"line":12,"column":4},"end":{"line":12,"column":5}},"loc":{"start":{"line":12,"column":31},"end":{"line":14,"column":5}},"line":12},"2":{"name":"(anonymous_2)","decl":{"start":{"line":16,"column":4},"end":{"line":16,"column":5}},"loc":{"start":{"line":16,"column":26},"end":{"line":18,"column":5}},"line":16},"3":{"name":"(anonymous_3)","decl":{"start":{"line":20,"column":4},"end":{"line":20,"column":5}},"loc":{"start":{"line":20,"column":30},"end":{"line":23,"column":5}},"line":20},"4":{"name":"(anonymous_4)","decl":{"start":{"line":25,"column":4},"end":{"line":25,"column":5}},"loc":{"start":{"line":25,"column":30},"end":{"line":27,"column":5}},"line":25},"5":{"name":"(anonymous_5)","decl":{"start":{"line":29,"column":4},"end":{"line":29,"column":5}},"loc":{"start":{"line":29,"column":34},"end":{"line":31,"column":5}},"line":29},"6":{"name":"(anonymous_6)","decl":{"start":{"line":33,"column":4},"end":{"line":33,"column":5}},"loc":{"start":{"line":33,"column":30},"end":{"line":37,"column":5}},"line":33}},"branchMap":{},"s":{"0":1,"1":1,"2":1,"3":1,"4":1,"5":0,"6":0,"7":0,"8":0,"9":0,"10":0,"11":0},"f":{"0":1,"1":0,"2":0,"3":0,"4":0,"5":0,"6":0},"b":{},"_coverageSchema":"43e27e138ebf9cfc5966b082cf9a028302ed4184","hash":"0b497626259c5ab0eb6c950bb40892da8badfb18"}
,"C:\\Users\\torje\\OneDrive\\Desktop\\Scrum\\harmoni\\server\\test\\runSQL.js": {"path":"C:\\Users\\torje\\OneDrive\\Desktop\\Scrum\\harmoni\\server\\test\\runSQL.js","statementMap":{"0":{"start":{"line":1,"column":11},"end":{"line":1,"column":24}},"1":{"start":{"line":3,"column":0},"end":{"line":24,"column":2}},"2":{"start":{"line":4,"column":2},"end":{"line":4,"column":54}},"3":{"start":{"line":5,"column":12},"end":{"line":5,"column":45}},"4":{"start":{"line":6,"column":2},"end":{"line":23,"column":5}},"5":{"start":{"line":7,"column":4},"end":{"line":22,"column":5}},"6":{"start":{"line":8,"column":6},"end":{"line":8,"column":50}},"7":{"start":{"line":9,"column":6},"end":{"line":9,"column":13}},"8":{"start":{"line":11,"column":6},"end":{"line":11,"column":43}},"9":{"start":{"line":12,"column":6},"end":{"line":21,"column":9}},"10":{"start":{"line":13,"column":8},"end":{"line":13,"column":29}},"11":{"start":{"line":14,"column":8},"end":{"line":20,"column":9}},"12":{"start":{"line":15,"column":10},"end":{"line":15,"column":27}},"13":{"start":{"line":16,"column":10},"end":{"line":16,"column":17}},"14":{"start":{"line":18,"column":10},"end":{"line":18,"column":44}},"15":{"start":{"line":19,"column":10},"end":{"line":19,"column":17}}},"fnMap":{"0":{"name":"run","decl":{"start":{"line":3,"column":26},"end":{"line":3,"column":29}},"loc":{"start":{"line":3,"column":52},"end":{"line":24,"column":1}},"line":3},"1":{"name":"(anonymous_1)","decl":{"start":{"line":6,"column":21},"end":{"line":6,"column":22}},"loc":{"start":{"line":6,"column":42},"end":{"line":23,"column":3}},"line":6},"2":{"name":"(anonymous_2)","decl":{"start":{"line":12,"column":28},"end":{"line":12,"column":29}},"loc":{"start":{"line":12,"column":43},"end":{"line":21,"column":7}},"line":12}},"branchMap":{"0":{"loc":{"start":{"line":7,"column":4},"end":{"line":22,"column":5}},"type":"if","locations":[{"start":{"line":7,"column":4},"end":{"line":22,"column":5}},{"start":{"line":7,"column":4},"end":{"line":22,"column":5}}],"line":7},"1":{"loc":{"start":{"line":14,"column":8},"end":{"line":20,"column":9}},"type":"if","locations":[{"start":{"line":14,"column":8},"end":{"line":20,"column":9}},{"start":{"line":14,"column":8},"end":{"line":20,"column":9}}],"line":14}},"s":{"0":1,"1":1,"2":1,"3":1,"4":1,"5":1,"6":0,"7":0,"8":1,"9":1,"10":1,"11":1,"12":0,"13":0,"14":1,"15":1},"f":{"0":1,"1":1,"2":1},"b":{"0":[0,1],"1":[0,1]},"_coverageSchema":"43e27e138ebf9cfc5966b082cf9a028302ed4184","hash":"ecc28b542c90b41bc5205a411967bd7814a5dfb1"}
}
