TN:
SF:C:\Users\torje\OneDrive\Desktop\Scrum\harmoni\server\src\dao\dao.js
FN:2,(anonymous_0)
FN:7,(anonymous_1)
FN:8,(anonymous_2)
FN:15,(anonymous_3)
FNF:4
FNH:4
FNDA:2,(anonymous_0)
FNDA:26,(anonymous_1)
FNDA:26,(anonymous_2)
FNDA:25,(anonymous_3)
DA:1,1
DA:4,2
DA:8,26
DA:9,26
DA:10,26
DA:11,0
DA:12,0
DA:14,26
DA:15,26
DA:16,25
DA:17,25
DA:18,9
DA:19,9
DA:21,16
DA:22,16
LF:15
LH:13
BRDA:10,0,0,0
BRDA:10,0,1,26
BRDA:17,1,0,9
BRDA:17,1,1,16
BRF:4
BRH:3
end_of_record
TN:
SF:C:\Users\torje\OneDrive\Desktop\Scrum\harmoni\server\src\dao\databaseConsts.js
FN:2,(anonymous_0)
FNF:1
FNH:1
FNDA:2,(anonymous_0)
DA:1,1
DA:3,2
DA:4,2
DA:5,2
DA:6,2
DA:7,2
DA:8,2
DA:9,2
DA:10,2
DA:12,2
DA:13,2
DA:14,2
DA:15,2
DA:16,2
DA:17,2
DA:19,2
DA:20,2
DA:21,2
DA:22,2
DA:23,2
DA:24,2
DA:25,2
DA:26,2
DA:27,2
DA:29,2
DA:30,2
DA:31,2
DA:32,2
DA:33,2
DA:34,2
DA:35,2
DA:37,2
DA:38,2
DA:39,2
DA:40,2
LF:35
LH:35
BRF:0
BRH:0
end_of_record
TN:
SF:C:\Users\torje\OneDrive\Desktop\Scrum\harmoni\server\src\dao\eventDao.js
FN:8,(anonymous_0)
FN:12,(anonymous_1)
FN:16,(anonymous_2)
FN:20,(anonymous_3)
FN:24,(anonymous_4)
FN:28,(anonymous_5)
FN:32,(anonymous_6)
FN:36,(anonymous_7)
FN:41,(anonymous_8)
FN:46,(anonymous_9)
FN:51,(anonymous_10)
FN:56,(anonymous_11)
FN:62,(anonymous_12)
FN:66,(anonymous_13)
FN:70,(anonymous_14)
FN:74,(anonymous_15)
FN:79,(anonymous_16)
FN:84,(anonymous_17)
FN:89,(anonymous_18)
FN:94,(anonymous_19)
FNF:20
FNH:12
FNDA:1,(anonymous_0)
FNDA:1,(anonymous_1)
FNDA:0,(anonymous_2)
FNDA:2,(anonymous_3)
FNDA:3,(anonymous_4)
FNDA:2,(anonymous_5)
FNDA:1,(anonymous_6)
FNDA:0,(anonymous_7)
FNDA:1,(anonymous_8)
FNDA:1,(anonymous_9)
FNDA:1,(anonymous_10)
FNDA:0,(anonymous_11)
FNDA:0,(anonymous_12)
FNDA:0,(anonymous_13)
FNDA:0,(anonymous_14)
FNDA:0,(anonymous_15)
FNDA:1,(anonymous_16)
FNDA:2,(anonymous_17)
FNDA:0,(anonymous_18)
FNDA:1,(anonymous_19)
DA:1,1
DA:2,1
DA:3,1
DA:5,1
DA:9,1
DA:13,1
DA:17,0
DA:21,2
DA:25,3
DA:29,2
DA:33,1
DA:37,0
DA:42,1
DA:47,1
DA:52,1
DA:57,0
DA:63,0
DA:67,0
DA:71,0
DA:75,0
DA:80,1
DA:85,2
DA:90,0
DA:95,1
LF:24
LH:16
BRF:0
BRH:0
end_of_record
TN:
SF:C:\Users\torje\OneDrive\Desktop\Scrum\harmoni\server\src\dao\userDao.js
FN:7,(anonymous_0)
FN:12,(anonymous_1)
FN:16,(anonymous_2)
FN:20,(anonymous_3)
FN:25,(anonymous_4)
FN:29,(anonymous_5)
FN:33,(anonymous_6)
FNF:7
FNH:7
FNDA:2,(anonymous_0)
FNDA:2,(anonymous_1)
FNDA:1,(anonymous_2)
FNDA:1,(anonymous_3)
FNDA:1,(anonymous_4)
FNDA:1,(anonymous_5)
FNDA:1,(anonymous_6)
DA:1,1
DA:2,1
DA:3,1
DA:5,1
DA:8,2
DA:13,2
DA:17,1
DA:21,1
DA:26,1
DA:30,1
DA:34,1
DA:35,1
LF:12
LH:12
BRF:0
BRH:0
end_of_record
TN:
SF:C:\Users\torje\OneDrive\Desktop\Scrum\harmoni\server\test\runSQL.js
FN:3,run
FN:6,(anonymous_1)
FN:12,(anonymous_2)
FNF:3
FNH:3
FNDA:1,run
FNDA:1,(anonymous_1)
FNDA:1,(anonymous_2)
DA:1,1
DA:3,1
DA:4,1
DA:5,1
DA:6,1
DA:7,1
DA:8,0
DA:9,0
DA:11,1
DA:12,1
DA:13,1
DA:14,1
DA:15,0
DA:16,0
DA:18,1
DA:19,1
LF:16
LH:12
BRDA:7,0,0,0
BRDA:7,0,1,1
BRDA:14,1,0,0
BRDA:14,1,1,1
BRF:4
BRH:2
end_of_record
